{"C:\\Users\\Avrey\\Desktop\\codefellows\\401\\data-structures-and-algorithms\\multibracket\\multiBracket.js": {"path":"C:\\Users\\Avrey\\Desktop\\codefellows\\401\\data-structures-and-algorithms\\multibracket\\multiBracket.js","statementMap":{"0":{"start":{"line":3,"column":19},"end":{"line":22,"column":1}},"1":{"start":{"line":4,"column":14},"end":{"line":4,"column":16}},"2":{"start":{"line":5,"column":12},"end":{"line":9,"column":3}},"3":{"start":{"line":11,"column":2},"end":{"line":19,"column":3}},"4":{"start":{"line":11,"column":15},"end":{"line":11,"column":16}},"5":{"start":{"line":13,"column":4},"end":{"line":18,"column":5}},"6":{"start":{"line":14,"column":6},"end":{"line":14,"column":25}},"7":{"start":{"line":16,"column":17},"end":{"line":16,"column":28}},"8":{"start":{"line":17,"column":6},"end":{"line":17,"column":46}},"9":{"start":{"line":17,"column":33},"end":{"line":17,"column":45}},"10":{"start":{"line":20,"column":2},"end":{"line":20,"column":40}},"11":{"start":{"line":20,"column":27},"end":{"line":20,"column":39}},"12":{"start":{"line":21,"column":2},"end":{"line":21,"column":14}}},"fnMap":{"0":{"name":"(anonymous_0)","decl":{"start":{"line":3,"column":19},"end":{"line":3,"column":20}},"loc":{"start":{"line":3,"column":34},"end":{"line":22,"column":1}},"line":3}},"branchMap":{"0":{"loc":{"start":{"line":13,"column":4},"end":{"line":18,"column":5}},"type":"if","locations":[{"start":{"line":13,"column":4},"end":{"line":18,"column":5}},{"start":{"line":13,"column":4},"end":{"line":18,"column":5}}],"line":13},"1":{"loc":{"start":{"line":13,"column":8},"end":{"line":13,"column":58}},"type":"binary-expr","locations":[{"start":{"line":13,"column":8},"end":{"line":13,"column":22}},{"start":{"line":13,"column":26},"end":{"line":13,"column":40}},{"start":{"line":13,"column":44},"end":{"line":13,"column":58}}],"line":13},"2":{"loc":{"start":{"line":17,"column":6},"end":{"line":17,"column":46}},"type":"if","locations":[{"start":{"line":17,"column":6},"end":{"line":17,"column":46}},{"start":{"line":17,"column":6},"end":{"line":17,"column":46}}],"line":17},"3":{"loc":{"start":{"line":20,"column":2},"end":{"line":20,"column":40}},"type":"if","locations":[{"start":{"line":20,"column":2},"end":{"line":20,"column":40}},{"start":{"line":20,"column":2},"end":{"line":20,"column":40}}],"line":20}},"s":{"0":1,"1":0,"2":0,"3":0,"4":0,"5":0,"6":0,"7":0,"8":0,"9":0,"10":0,"11":0,"12":0},"f":{"0":0},"b":{"0":[0,0],"1":[0,0,0],"2":[0,0],"3":[0,0]},"_coverageSchema":"43e27e138ebf9cfc5966b082cf9a028302ed4184","hash":"55d5ecd5e7bc0c1c6f9bff0e0b84b685480dccc6"}
}
