{"C:\\Users\\Avrey\\Desktop\\codefellows\\401\\data-structures-and-algorithms\\blog\\insertionSort\\blog.js": {"path":"C:\\Users\\Avrey\\Desktop\\codefellows\\401\\data-structures-and-algorithms\\blog\\insertionSort\\blog.js","statementMap":{"0":{"start":{"line":6,"column":2},"end":{"line":25,"column":3}},"1":{"start":{"line":6,"column":14},"end":{"line":6,"column":15}},"2":{"start":{"line":9,"column":12},"end":{"line":9,"column":17}},"3":{"start":{"line":11,"column":15},"end":{"line":11,"column":21}},"4":{"start":{"line":14,"column":4},"end":{"line":21,"column":5}},"5":{"start":{"line":17,"column":6},"end":{"line":17,"column":26}},"6":{"start":{"line":19,"column":6},"end":{"line":19,"column":16}},"7":{"start":{"line":24,"column":4},"end":{"line":24,"column":22}},"8":{"start":{"line":27,"column":2},"end":{"line":27,"column":13}},"9":{"start":{"line":30,"column":0},"end":{"line":30,"column":45}},"10":{"start":{"line":32,"column":0},"end":{"line":32,"column":31}}},"fnMap":{"0":{"name":"insertionSort","decl":{"start":{"line":4,"column":9},"end":{"line":4,"column":22}},"loc":{"start":{"line":4,"column":28},"end":{"line":28,"column":1}},"line":4}},"branchMap":{"0":{"loc":{"start":{"line":14,"column":10},"end":{"line":14,"column":33}},"type":"binary-expr","locations":[{"start":{"line":14,"column":10},"end":{"line":14,"column":16}},{"start":{"line":14,"column":20},"end":{"line":14,"column":33}}],"line":14}},"s":{"0":3,"1":3,"2":18,"3":18,"4":18,"5":18,"6":18,"7":18,"8":3,"9":1,"10":1},"f":{"0":3},"b":{"0":[36,30]},"_coverageSchema":"43e27e138ebf9cfc5966b082cf9a028302ed4184","hash":"65204f577803bf57c977980c8c42bc97ef5e4ce1"}
,"C:\\Users\\Avrey\\Desktop\\codefellows\\401\\data-structures-and-algorithms\\multibracket\\multiBracket.js": {"path":"C:\\Users\\Avrey\\Desktop\\codefellows\\401\\data-structures-and-algorithms\\multibracket\\multiBracket.js","statementMap":{"0":{"start":{"line":51,"column":19},"end":{"line":73,"column":1}},"1":{"start":{"line":52,"column":14},"end":{"line":52,"column":16}},"2":{"start":{"line":53,"column":14},"end":{"line":57,"column":3}},"3":{"start":{"line":59,"column":21},"end":{"line":59,"column":83}},"4":{"start":{"line":59,"column":50},"end":{"line":59,"column":73}},"5":{"start":{"line":61,"column":2},"end":{"line":71,"column":3}},"6":{"start":{"line":63,"column":4},"end":{"line":70,"column":5}},"7":{"start":{"line":64,"column":6},"end":{"line":64,"column":23}},"8":{"start":{"line":66,"column":21},"end":{"line":66,"column":32}},"9":{"start":{"line":67,"column":6},"end":{"line":69,"column":7}},"10":{"start":{"line":68,"column":8},"end":{"line":68,"column":21}},"11":{"start":{"line":72,"column":2},"end":{"line":72,"column":28}},"12":{"start":{"line":76,"column":0},"end":{"line":76,"column":51}}},"fnMap":{"0":{"name":"(anonymous_0)","decl":{"start":{"line":51,"column":19},"end":{"line":51,"column":20}},"loc":{"start":{"line":51,"column":34},"end":{"line":73,"column":1}},"line":51},"1":{"name":"(anonymous_1)","decl":{"start":{"line":59,"column":42},"end":{"line":59,"column":43}},"loc":{"start":{"line":59,"column":50},"end":{"line":59,"column":73}},"line":59}},"branchMap":{"0":{"loc":{"start":{"line":63,"column":4},"end":{"line":70,"column":5}},"type":"if","locations":[{"start":{"line":63,"column":4},"end":{"line":70,"column":5}},{"start":{"line":63,"column":4},"end":{"line":70,"column":5}}],"line":63},"1":{"loc":{"start":{"line":67,"column":6},"end":{"line":69,"column":7}},"type":"if","locations":[{"start":{"line":67,"column":6},"end":{"line":69,"column":7}},{"start":{"line":67,"column":6},"end":{"line":69,"column":7}}],"line":67}},"s":{"0":1,"1":1,"2":1,"3":1,"4":22,"5":1,"6":2,"7":1,"8":1,"9":1,"10":1,"11":0,"12":1},"f":{"0":1,"1":22},"b":{"0":[1,1],"1":[1,0]},"_coverageSchema":"43e27e138ebf9cfc5966b082cf9a028302ed4184","hash":"04434b1e92b3a8b75fbb00fd5c6341946ee79698"}
}
