TN:
SF:C:\Users\Avrey\Desktop\codefellows\401\data-structures-and-algorithms\blog\insertionSort\blog.js
FN:4,insertionSort
FNF:1
FNH:1
FNDA:3,insertionSort
DA:6,3
DA:9,18
DA:11,18
DA:14,18
DA:17,18
DA:19,18
DA:24,18
DA:27,3
DA:30,1
DA:32,1
LF:10
LH:10
BRDA:14,0,0,36
BRDA:14,0,1,30
BRF:2
BRH:2
end_of_record
TN:
SF:C:\Users\Avrey\Desktop\codefellows\401\data-structures-and-algorithms\multibracket\multiBracket.js
FN:51,(anonymous_0)
FN:59,(anonymous_1)
FNF:2
FNH:2
FNDA:1,(anonymous_0)
FNDA:22,(anonymous_1)
DA:51,1
DA:52,1
DA:53,1
DA:59,22
DA:61,1
DA:63,2
DA:64,1
DA:66,1
DA:67,1
DA:68,1
DA:72,0
DA:76,1
LF:12
LH:11
BRDA:63,0,0,1
BRDA:63,0,1,1
BRDA:67,1,0,1
BRDA:67,1,1,0
BRF:4
BRH:3
end_of_record
