TN:
SF:C:\Users\Avrey\Desktop\codefellows\401\data-structures-and-algorithms\array-binary-search\array-binary-search.js
FN:5,binarySearch
FNF:1
FNH:1
FNDA:3,binarySearch
DA:3,1
DA:7,3
DA:8,18
DA:9,1
DA:12,3
DA:13,1
DA:15,2
DA:19,1
DA:21,1
LF:9
LH:9
BRDA:8,0,0,1
BRDA:8,0,1,17
BRDA:12,1,0,1
BRDA:12,1,1,2
BRF:4
BRH:4
end_of_record
TN:
SF:C:\Users\Avrey\Desktop\codefellows\401\data-structures-and-algorithms\blog\insertionSort\blog.js
FN:4,insertionSort
FNF:1
FNH:1
FNDA:3,insertionSort
DA:6,3
DA:7,2
DA:10,12
DA:12,12
DA:15,12
DA:18,12
DA:20,12
DA:25,12
DA:28,2
DA:30,1
DA:35,1
DA:37,1
LF:12
LH:12
BRDA:6,0,0,2
BRDA:6,0,1,1
BRDA:15,1,0,24
BRDA:15,1,1,20
BRF:4
BRH:4
end_of_record
TN:
SF:C:\Users\Avrey\Desktop\codefellows\401\data-structures-and-algorithms\blog\mergeSort\mergeSort.js
FN:3,mergeSort
FN:16,merge
FNF:2
FNH:2
FNDA:12,mergeSort
FNDA:5,merge
DA:4,12
DA:6,12
DA:7,7
DA:9,5
DA:10,5
DA:11,5
DA:13,5
DA:17,5
DA:18,5
DA:19,5
DA:21,5
DA:22,11
DA:23,5
DA:25,6
DA:29,5
DA:32,1
LF:16
LH:16
BRDA:6,0,0,7
BRDA:6,0,1,5
BRDA:21,1,0,16
BRDA:21,1,1,13
BRDA:22,2,0,5
BRDA:22,2,1,6
BRF:6
BRH:6
end_of_record
TN:
SF:C:\Users\Avrey\Desktop\codefellows\401\data-structures-and-algorithms\blog\quickSort\quickSort.js
FN:6,quickSort
FNF:1
FNH:1
FNDA:19,quickSort
DA:8,19
DA:10,8
DA:11,8
DA:12,8
DA:14,8
DA:15,18
DA:16,6
DA:18,12
DA:22,8
DA:25,1
DA:27,1
LF:11
LH:11
BRDA:8,0,0,11
BRDA:8,0,1,8
BRDA:15,1,0,6
BRDA:15,1,1,12
BRF:4
BRH:4
end_of_record
TN:
SF:C:\Users\Avrey\Desktop\codefellows\401\data-structures-and-algorithms\multibracket\multiBracket.js
FN:51,(anonymous_0)
FN:59,(anonymous_1)
FNF:2
FNH:2
FNDA:1,(anonymous_0)
FNDA:22,(anonymous_1)
DA:51,1
DA:52,1
DA:53,1
DA:59,22
DA:61,1
DA:63,2
DA:64,1
DA:66,1
DA:67,1
DA:68,1
DA:72,0
DA:76,1
LF:12
LH:11
BRDA:63,0,0,1
BRDA:63,0,1,1
BRDA:67,1,0,1
BRDA:67,1,1,0
BRF:4
BRH:3
end_of_record
TN:
SF:C:\Users\Avrey\Desktop\codefellows\401\data-structures-and-algorithms\tree\tree.js
FN:6,(anonymous_0)
FN:14,(anonymous_1)
FN:18,(anonymous_2)
FN:21,(anonymous_3)
FN:37,(anonymous_4)
FN:41,(anonymous_5)
FN:57,(anonymous_6)
FN:60,(anonymous_7)
FN:82,(anonymous_8)
FN:87,(anonymous_9)
FN:109,(anonymous_10)
FNF:11
FNH:10
FNDA:26,(anonymous_0)
FNDA:6,(anonymous_1)
FNDA:1,(anonymous_2)
FNDA:6,(anonymous_3)
FNDA:1,(anonymous_4)
FNDA:6,(anonymous_5)
FNDA:1,(anonymous_6)
FNDA:6,(anonymous_7)
FNDA:20,(anonymous_8)
FNDA:50,(anonymous_9)
FNDA:0,(anonymous_10)
DA:7,26
DA:8,26
DA:9,26
DA:15,6
DA:19,1
DA:21,1
DA:23,6
DA:25,6
DA:26,0
DA:29,6
DA:30,5
DA:33,1
DA:34,1
DA:39,1
DA:41,1
DA:43,6
DA:44,5
DA:47,6
DA:49,6
DA:50,0
DA:53,1
DA:54,1
DA:58,1
DA:60,1
DA:62,6
DA:63,0
DA:66,6
DA:67,5
DA:69,6
DA:71,1
DA:72,1
DA:83,20
DA:85,20
DA:87,20
DA:88,50
DA:89,16
DA:91,6
DA:93,10
DA:97,34
DA:98,31
DA:99,11
DA:101,20
DA:106,20
DA:110,0
DA:112,0
DA:113,0
DA:114,0
DA:116,0
DA:117,0
DA:120,0
DA:123,0
DA:139,1
LF:52
LH:41
BRDA:6,0,0,26
BRDA:6,1,0,26
BRDA:25,2,0,0
BRDA:25,2,1,6
BRDA:29,3,0,5
BRDA:29,3,1,1
BRDA:43,4,0,5
BRDA:43,4,1,1
BRDA:49,5,0,0
BRDA:49,5,1,6
BRDA:62,6,0,0
BRDA:62,6,1,6
BRDA:66,7,0,5
BRDA:66,7,1,1
BRDA:88,8,0,16
BRDA:88,8,1,34
BRDA:89,9,0,6
BRDA:89,9,1,10
BRDA:97,10,0,31
BRDA:97,10,1,3
BRDA:98,11,0,11
BRDA:98,11,1,20
BRDA:113,12,0,0
BRDA:113,12,1,0
BRDA:116,13,0,0
BRDA:116,13,1,0
BRF:26
BRH:19
end_of_record
